<?xml version="1.0" encoding="UTF-8"?>
<!-- Generated by org.testng.reporters.JUnitReportReporter -->
<testsuite skipped="0" hostname="DESKTOP-9P1MDVM" name="extentReport.ExtentReport_Class" tests="1" failures="0" timestamp="15 Oct 2020 20:31:50 GMT" time="6.218" errors="0">
  <testcase name="colorreports" time="6.218" classname="extentReport.ExtentReport_Class"/>
</testsuite> <!-- extentReport.ExtentReport_Class -->
