<?xml version="1.0" encoding="UTF-8"?>
<!-- Generated by org.testng.reporters.JUnitReportReporter -->
<testsuite skipped="0" hostname="DESKTOP-9P1MDVM" name="calci.Calc" tests="1" failures="0" timestamp="19 Oct 2020 17:04:23 GMT" time="0.066" errors="0">
  <testcase name="calculator" time="0.066" classname="calci.Calc"/>
</testsuite> <!-- calci.Calc -->
